<?xml version="1.0" encoding="UTF-8"?>
<!-- Generated by org.testng.reporters.JUnitReportReporter -->
<testsuite skipped="0" hostname="Lenovo-PC" name="rough.Try1" tests="1" failures="0" timestamp="23 Aug 2020 14:57:51 GMT" time="14.598" errors="0">
  <testcase name="methodTesting" time="14.598" classname="rough.Try1"/>
</testsuite> <!-- rough.Try1 -->
