<?xml version="1.0" encoding="UTF-8"?>
<!-- Generated by org.testng.reporters.JUnitReportReporter -->
<testsuite skipped="0" hostname="Lenovo-PC" name="com.qa.hubspot.tests.HomePageTest" tests="5" failures="0" timestamp="04 Sep 2020 01:11:16 GMT" time="16.809" errors="0">
  <testcase name="verifyHomePageTitleTest" time="12.327" classname="com.qa.hubspot.tests.HomePageTest"/>
  <testcase name="verifyHomePageHeaderTest" time="1.947" classname="com.qa.hubspot.tests.HomePageTest"/>
  <testcase name="verifyLoggedInUserTest" time="2.013" classname="com.qa.hubspot.tests.HomePageTest"/>
  <testcase name="verifyHeaderContents" time="0.387" classname="com.qa.hubspot.tests.HomePageTest"/>
  <testcase name="verifyLinksUnderContacts" time="0.135" classname="com.qa.hubspot.tests.HomePageTest"/>
</testsuite> <!-- com.qa.hubspot.tests.HomePageTest -->
