<?xml version="1.0" encoding="UTF-8"?>
<!-- Generated by org.testng.reporters.JUnitReportReporter -->
<testsuite skipped="2" hostname="Lenovo-PC" name="com.qa.hubspot.tests.LoginPageTest" tests="12" failures="0" timestamp="04 Sep 2020 01:11:16 GMT" time="16.859" errors="0">
  <testcase name="verifyLoginPageTitleTest" time="3.716" classname="com.qa.hubspot.tests.LoginPageTest"/>
  <testcase name="verifySignUpLinkTest" time="1.648" classname="com.qa.hubspot.tests.LoginPageTest"/>
  <testcase name="verifyNoAccountText" time="0.567" classname="com.qa.hubspot.tests.LoginPageTest"/>
  <testcase name="verifyEmailAndPasswordLabelText" time="1.317" classname="com.qa.hubspot.tests.LoginPageTest"/>
  <testcase name="verifyShowAndHidePasswordLinkText" time="5.852" classname="com.qa.hubspot.tests.LoginPageTest"/>
  <testcase name="verifyForgotPasswordLink" time="0.689" classname="com.qa.hubspot.tests.LoginPageTest"/>
  <testcase name="verifyRememeberMeCheckBox" time="0.571" classname="com.qa.hubspot.tests.LoginPageTest"/>
  <testcase name="verifyLoginButtonIsDisabled" time="0.625" classname="com.qa.hubspot.tests.LoginPageTest"/>
  <testcase name="verifyGoogleAndSSOBtn" time="1.246" classname="com.qa.hubspot.tests.LoginPageTest"/>
  <testcase name="verifyFooterText" time="0.628" classname="com.qa.hubspot.tests.LoginPageTest"/>
  <testcase name="loginTest" classname="com.qa.hubspot.tests.LoginPageTest">
    <skipped/>
  </testcase> <!-- loginTest -->
  <testcase name="login_InvalidTestCases" classname="com.qa.hubspot.tests.LoginPageTest">
    <skipped/>
  </testcase> <!-- login_InvalidTestCases -->
</testsuite> <!-- com.qa.hubspot.tests.LoginPageTest -->
